<?xml version="1.0" encoding="UTF-8"?>
<!-- Generated by org.testng.reporters.JUnitXMLReporter -->
<testsuite ignored="0" hostname="XiaoMiRepeater_V2" failures="0" tests="11" name="Command line test" time="21.049" errors="0" timestamp="2020-10-29T10:01:24 CET">
  <testcase classname="ApiTestGET" name="getUserById" time="1.604"/>
  <testcase classname="ApiTestGET" name="getUsers" time="0.124"/>
  <testcase classname="ApiTestGET" name="getUsersPageOne" time="0.136"/>
  <testcase classname="ApiTestPOST" name="createUser" time="0.438"/>
  <testcase classname="ApiTestPOST" name="createUserWithAnyParameter" time="0.223"/>
  <testcase classname="ApiTestPOST" name="getNewUser" time="0.119"/>
  <testcase classname="ApiTestGETDelay" name="delayFive" time="5.242"/>
  <testcase classname="ApiTestGETDelay" name="delayUnderFive" time="3.226"/>
  <testcase classname="ApiTestGETDelay" name="overFive" time="9.305"/>
  <testcase classname="ApiTestDELETE" name="checkIfUserIsDeleted" time="0.132"/>
  <testcase classname="ApiTestDELETE" name="deleteUsers" time="0.462"/>
</testsuite> <!-- Command line test -->
